Starting the Apache2.2 service
The Apache2.2 service is running.
rmine the server's fully qualified domain name, using 10.0.0.109 for ServerName
[Thu Jan 31 20:30:15 2008] [notice] Apache/2.2.8 (Win32) configured -- resuming normal operations
[Thu Jan 31 20:30:15 2008] [notice] Server built: Jan 18 2008 00:37:19
[Thu Jan 31 20:30:15 2008] [notice] Parent: Created child process 756
httpd.exe: Could not reliably determine the server's fully qualified domain name, using 10.0.0.109 for ServerName
httpd.exe: Could not reliably determine the server's fully qualified domain name, using 10.0.0.109 for ServerName
[Thu Jan 31 20:30:15 2008] [notice] Child 756: Child process is running
[Thu Jan 31 20:30:15 2008] [notice] Child 756: Acquired the start mutex.
[Thu Jan 31 20:30:15 2008] [notice] Child 756: Starting 64 worker threads.
[Thu Jan 31 20:30:15 2008] [notice] Child 756: Starting thread to listen on port 80.
[Thu Jan 31 20:30:22 2008] [notice] Parent: Received shutdown signal -- Shutting down the server.
[Thu Jan 31 20:30:22 2008] [notice] Child 756: Exit event signaled. Child process is ending.
[Thu Jan 31 20:30:23 2008] [notice] Child 756: Released the start mutex
[Thu Jan 31 20:30:24 2008] [notice] Child 756: All worker threads have exited.
[Thu Jan 31 20:30:24 2008] [notice] Child 756: Child process is exiting
[Thu Jan 31 20:30:24 2008] [notice] Parent: Child process exited successfully.
Starting the 'apache24' service
The 'apache24' service is running.
ssl:warn] [pid 3120:tid 616] AH01873: Init: Session Cache is not configured [hint: SSLSessionCache]
[Thu May 03 19:33:03.168099 2018] [mpm_winnt:notice] [pid 3120:tid 616] AH00455: Apache/2.4.25 (Win32) OpenSSL/1.0.2j PHP/5.6.30 configured -- resuming normal operations
[Thu May 03 19:33:03.168099 2018] [mpm_winnt:notice] [pid 3120:tid 616] AH00456: Server built: Dec 16 2016 18:55:21
[Thu May 03 19:33:03.168099 2018] [core:notice] [pid 3120:tid 616] AH00094: Command line: 'C:\\AppServ\\Apache24\\bin\\httpd.exe -d C:/AppServ/Apache24'
[Thu May 03 19:33:03.183798 2018] [mpm_winnt:notice] [pid 3120:tid 616] AH00418: Parent: Created child process 5704
[Thu May 03 19:33:03.787414 2018] [ssl:warn] [pid 5704:tid 524] AH01873: Init: Session Cache is not configured [hint: SSLSessionCache]
[Thu May 03 19:33:03.818682 2018] [mpm_winnt:notice] [pid 5704:tid 524] AH00354: Child: Starting 64 worker threads.
[Thu May 03 19:50:26.655714 2018] [authz_core:error] [pid 5704:tid 1156] [client ::1:60873] AH01630: client denied by server configuration: C:/AppServ/Apache24/cgi-bin
[Thu May 03 19:50:26.655714 2018] [authz_core:error] [pid 5704:tid 1156] [client ::1:60873] AH01630: client denied by server configuration: C:/AppServ/Apache24/cgi-bin
[Thu May 03 19:50:26.655714 2018] [authz_core:error] [pid 5704:tid 1156] [client ::1:60873] AH01630: client denied by server configuration: C:/AppServ/Apache24/cgi-bin
[Thu May 03 20:13:40.714482 2018] [authz_core:error] [pid 5704:tid 1156] [client ::1:61213] AH01630: client denied by server configuration: C:/AppServ/Apache24/cgi-bin
[Thu May 03 20:13:40.714482 2018] [authz_core:error] [pid 5704:tid 1156] [client ::1:61213] AH01630: client denied by server configuration: C:/AppServ/Apache24/cgi-bin
[Thu May 03 20:13:40.714482 2018] [authz_core:error] [pid 5704:tid 1156] [client ::1:61213] AH01630: client denied by server configuration: C:/AppServ/Apache24/cgi-bin
[Thu May 03 20:14:20.822839 2018] [authz_core:error] [pid 5704:tid 1168] [client ::1:61217] AH01630: client denied by server configuration: C:/AppServ/Apache24/cgi-bin
[Thu May 03 20:14:20.822839 2018] [authz_core:error] [pid 5704:tid 1168] [client ::1:61217] AH01630: client denied by server configuration: C:/AppServ/Apache24/cgi-bin
[Thu May 03 20:14:20.822839 2018] [authz_core:error] [pid 5704:tid 1168] [client ::1:61217] AH01630: client denied by server configuration: C:/AppServ/Apache24/cgi-bin
[Thu May 03 20:15:19.151720 2018] [authz_core:error] [pid 5704:tid 1168] [client ::1:61220] AH01630: client denied by server configuration: C:/AppServ/Apache24/cgi-bin
[Thu May 03 20:15:19.151720 2018] [authz_core:error] [pid 5704:tid 1168] [client ::1:61220] AH01630: client denied by server configuration: C:/AppServ/Apache24/cgi-bin
[Thu May 03 20:15:19.151720 2018] [authz_core:error] [pid 5704:tid 1168] [client ::1:61220] AH01630: client denied by server configuration: C:/AppServ/Apache24/cgi-bin
[Thu May 03 20:17:21.717737 2018] [authz_core:error] [pid 5704:tid 1168] [client ::1:61237] AH01630: client denied by server configuration: C:/AppServ/Apache24/cgi-bin
[Thu May 03 20:17:21.717737 2018] [authz_core:error] [pid 5704:tid 1168] [client ::1:61237] AH01630: client denied by server configuration: C:/AppServ/Apache24/cgi-bin
[Thu May 03 20:17:21.717737 2018] [authz_core:error] [pid 5704:tid 1168] [client ::1:61237] AH01630: client denied by server configuration: C:/AppServ/Apache24/cgi-bin
[Thu May 03 21:44:25.218132 2018] [:error] [pid 5704:tid 1160] [client ::1:62089] script 'C:/AppServ/www/t2.php' not found or unable to stat, referer: http://localhost/t.php
[Thu May 03 21:49:45.085669 2018] [:error] [pid 5704:tid 1160] [client ::1:62096] script 'C:/AppServ/www/t.php' not found or unable to stat, referer: http://localhost/
[Thu May 03 21:49:45.901694 2018] [:error] [pid 5704:tid 1160] [client ::1:62096] script 'C:/AppServ/www/t.php' not found or unable to stat, referer: http://localhost/
[Thu May 03 22:46:11.710535 2018] [:error] [pid 5704:tid 1172] [client ::1:62361] script 'C:/AppServ/www/orders.php' not found or unable to stat, referer: http://localhost/form.php
[Thu May 03 22:46:14.764111 2018] [:error] [pid 5704:tid 1172] [client ::1:62361] script 'C:/AppServ/www/orders.php' not found or unable to stat, referer: http://localhost/form.php
[Thu May 03 22:48:43.531662 2018] [:error] [pid 5704:tid 1172] [client ::1:62362] script 'C:/AppServ/www/orders.php' not found or unable to stat, referer: http://localhost/form.php
[Fri May 04 11:11:07.989655 2018] [:error] [pid 5704:tid 1172] [client ::1:64855] script 'C:/AppServ/www/index/index.php' not found or unable to stat, referer: http://localhost/index/play.php
[Fri May 04 11:11:37.585375 2018] [:error] [pid 5704:tid 1172] [client ::1:64856] script 'C:/AppServ/www/index/index.php' not found or unable to stat, referer: http://localhost/index/play.php
[Fri May 04 11:11:40.105938 2018] [:error] [pid 5704:tid 1172] [client ::1:64856] script 'C:/AppServ/www/index/index.php' not found or unable to stat, referer: http://localhost/index/play.php
[Fri May 04 11:13:00.805648 2018] [:error] [pid 5704:tid 1180] [client ::1:64868] script 'C:/AppServ/www/index/index.php' not found or unable to stat, referer: http://localhost/index/play.php
[Fri May 04 11:13:06.813293 2018] [:error] [pid 5704:tid 1180] [client ::1:64869] script 'C:/AppServ/www/index/index.php' not found or unable to stat, referer: http://localhost/index/play.php
[Fri May 04 11:44:25.922739 2018] [:error] [pid 5704:tid 1180] [client ::1:65288] script 'C:/AppServ/www/phpinfo.php' not found or unable to stat, referer: http://localhost/
[Fri May 04 17:25:35.026986 2018] [:error] [pid 5704:tid 1180] [client ::1:51155] script 'C:/AppServ/www/index/gender.php' not found or unable to stat, referer: http://localhost/index/search.php
[Fri May 04 17:27:30.494005 2018] [:error] [pid 5704:tid 1180] [client ::1:51164] script 'C:/AppServ/www/index/gender.php' not found or unable to stat, referer: http://localhost/index/search.php
[Sat May 05 20:06:37.316528 2018] [mpm_winnt:notice] [pid 3120:tid 616] AH00422: Parent: Received shutdown signal -- Shutting down the server.
[Sat May 05 20:06:39.568449 2018] [mpm_winnt:notice] [pid 5704:tid 524] AH00364: Child: All worker threads have exited.
[Sat May 05 20:06:43.369849 2018] [mpm_winnt:notice] [pid 3120:tid 616] AH00430: Parent: Child process 5704 exited successfully.
[Sat May 05 20:06:46.837499 2018] [ssl:warn] [pid 6868:tid 620] AH01873: Init: Session Cache is not configured [hint: SSLSessionCache]
[Sat May 05 20:06:47.970720 2018] [mpm_winnt:notice] [pid 6868:tid 620] AH00455: Apache/2.4.25 (Win32) OpenSSL/1.0.2j PHP/5.6.30 configured -- resuming normal operations
[Sat May 05 20:06:47.970720 2018] [mpm_winnt:notice] [pid 6868:tid 620] AH00456: Server built: Dec 16 2016 18:55:21
[Sat May 05 20:06:47.970720 2018] [core:notice] [pid 6868:tid 620] AH00094: Command line: 'C:\\AppServ\\Apache24\\bin\\httpd.exe -d C:/AppServ/Apache24'
[Sat May 05 20:06:47.991777 2018] [mpm_winnt:notice] [pid 6868:tid 620] AH00418: Parent: Created child process 6256
[Sat May 05 20:06:48.542212 2018] [ssl:warn] [pid 6256:tid 512] AH01873: Init: Session Cache is not configured [hint: SSLSessionCache]
[Sat May 05 20:06:48.622753 2018] [mpm_winnt:notice] [pid 6256:tid 512] AH00354: Child: Starting 64 worker threads.
[Sat May 05 20:07:39.839760 2018] [mpm_winnt:notice] [pid 6868:tid 620] AH00422: Parent: Received shutdown signal -- Shutting down the server.
[Sat May 05 20:07:41.841274 2018] [mpm_winnt:notice] [pid 6256:tid 512] AH00364: Child: All worker threads have exited.
[Sat May 05 20:07:41.882495 2018] [mpm_winnt:notice] [pid 6868:tid 620] AH00430: Parent: Child process 6256 exited successfully.
[Sat May 05 20:07:50.453260 2018] [ssl:warn] [pid 3900:tid 612] AH01873: Init: Session Cache is not configured [hint: SSLSessionCache]
[Sat May 05 20:07:50.472274 2018] [mpm_winnt:notice] [pid 3900:tid 612] AH00455: Apache/2.4.25 (Win32) OpenSSL/1.0.2j PHP/5.6.30 configured -- resuming normal operations
[Sat May 05 20:07:50.472274 2018] [mpm_winnt:notice] [pid 3900:tid 612] AH00456: Server built: Dec 16 2016 18:55:21
[Sat May 05 20:07:50.472274 2018] [core:notice] [pid 3900:tid 612] AH00094: Command line: 'C:\\AppServ\\Apache24\\bin\\httpd.exe -d C:/AppServ/Apache24'
[Sat May 05 20:07:50.474274 2018] [mpm_winnt:notice] [pid 3900:tid 612] AH00418: Parent: Created child process 6828
[Sat May 05 20:07:51.040933 2018] [ssl:warn] [pid 6828:tid 516] AH01873: Init: Session Cache is not configured [hint: SSLSessionCache]
[Sat May 05 20:07:51.064950 2018] [mpm_winnt:notice] [pid 6828:tid 516] AH00354: Child: Starting 64 worker threads.
[Sat May 05 21:33:58.923409 2018] [mpm_winnt:notice] [pid 3900:tid 612] AH00422: Parent: Received shutdown signal -- Shutting down the server.
[Sat May 05 21:34:00.995758 2018] [mpm_winnt:notice] [pid 6828:tid 516] AH00364: Child: All worker threads have exited.
[Sat May 05 21:34:01.822950 2018] [mpm_winnt:notice] [pid 3900:tid 612] AH00430: Parent: Child process 6828 exited successfully.
[Sat May 05 21:34:03.893488 2018] [ssl:warn] [pid 6956:tid 644] AH01873: Init: Session Cache is not configured [hint: SSLSessionCache]
[Sat May 05 21:34:03.909134 2018] [mpm_winnt:notice] [pid 6956:tid 644] AH00455: Apache/2.4.25 (Win32) OpenSSL/1.0.2j PHP/5.6.30 configured -- resuming normal operations
[Sat May 05 21:34:03.909134 2018] [mpm_winnt:notice] [pid 6956:tid 644] AH00456: Server built: Dec 16 2016 18:55:21
[Sat May 05 21:34:03.909134 2018] [core:notice] [pid 6956:tid 644] AH00094: Command line: 'C:\\AppServ\\Apache24\\bin\\httpd.exe -d C:/AppServ/Apache24'
[Sat May 05 21:34:03.909134 2018] [mpm_winnt:notice] [pid 6956:tid 644] AH00418: Parent: Created child process 2748
[Sat May 05 21:34:04.566683 2018] [ssl:warn] [pid 2748:tid 512] AH01873: Init: Session Cache is not configured [hint: SSLSessionCache]
[Sat May 05 21:34:04.581748 2018] [mpm_winnt:notice] [pid 2748:tid 512] AH00354: Child: Starting 64 worker threads.
[Sat May 05 21:35:19.087905 2018] [mpm_winnt:notice] [pid 6956:tid 644] AH00422: Parent: Received shutdown signal -- Shutting down the server.
[Sat May 05 21:35:21.098069 2018] [mpm_winnt:notice] [pid 2748:tid 512] AH00364: Child: All worker threads have exited.
[Sat May 05 21:35:21.122930 2018] [mpm_winnt:notice] [pid 6956:tid 644] AH00430: Parent: Child process 2748 exited successfully.
[Sat May 05 21:35:22.215342 2018] [ssl:warn] [pid 6588:tid 612] AH01873: Init: Session Cache is not configured [hint: SSLSessionCache]
[Sat May 05 21:35:22.236371 2018] [mpm_winnt:notice] [pid 6588:tid 612] AH00455: Apache/2.4.25 (Win32) OpenSSL/1.0.2j PHP/5.6.30 configured -- resuming normal operations
[Sat May 05 21:35:22.236371 2018] [mpm_winnt:notice] [pid 6588:tid 612] AH00456: Server built: Dec 16 2016 18:55:21
[Sat May 05 21:35:22.236371 2018] [core:notice] [pid 6588:tid 612] AH00094: Command line: 'C:\\AppServ\\Apache24\\bin\\httpd.exe -d C:/AppServ/Apache24'
[Sat May 05 21:35:22.238358 2018] [mpm_winnt:notice] [pid 6588:tid 612] AH00418: Parent: Created child process 3188
[Sat May 05 21:35:22.857100 2018] [ssl:warn] [pid 3188:tid 532] AH01873: Init: Session Cache is not configured [hint: SSLSessionCache]
[Sat May 05 21:35:22.879115 2018] [mpm_winnt:notice] [pid 3188:tid 532] AH00354: Child: Starting 64 worker threads.
[Sat May 05 22:27:42.350909 2018] [:error] [pid 3188:tid 1168] [client ::1:61213] script 'C:/AppServ/www/db.php' not found or unable to stat
[Sat May 05 22:27:50.829871 2018] [:error] [pid 3188:tid 1172] [client ::1:61214] script 'C:/AppServ/www/db.php' not found or unable to stat
[Sat May 05 22:27:51.422031 2018] [:error] [pid 3188:tid 1172] [client ::1:61214] script 'C:/AppServ/www/db.php' not found or unable to stat
[Sat May 05 22:27:52.187712 2018] [:error] [pid 3188:tid 1172] [client ::1:61214] script 'C:/AppServ/www/db.php' not found or unable to stat
[Sat May 05 23:01:06.298994 2018] [:error] [pid 3188:tid 1176] [client 192.168.1.107:62176] script 'C:/AppServ/www/index/order.php' not found or unable to stat, referer: http://192.168.1.107/index/form.php
[Sat May 05 23:07:32.561243 2018] [mpm_winnt:notice] [pid 6588:tid 612] AH00422: Parent: Received shutdown signal -- Shutting down the server.
[Sat May 05 23:07:34.562545 2018] [mpm_winnt:notice] [pid 3188:tid 532] AH00364: Child: All worker threads have exited.
[Sat May 05 23:07:34.666636 2018] [mpm_winnt:notice] [pid 6588:tid 612] AH00430: Parent: Child process 3188 exited successfully.
[Sat May 05 23:08:04.691795 2018] [ssl:warn] [pid 6624:tid 612] AH01873: Init: Session Cache is not configured [hint: SSLSessionCache]
[Sat May 05 23:08:04.711810 2018] [mpm_winnt:notice] [pid 6624:tid 612] AH00455: Apache/2.4.25 (Win32) OpenSSL/1.0.2j PHP/5.6.30 configured -- resuming normal operations
[Sat May 05 23:08:04.711810 2018] [mpm_winnt:notice] [pid 6624:tid 612] AH00456: Server built: Dec 16 2016 18:55:21
[Sat May 05 23:08:04.711810 2018] [core:notice] [pid 6624:tid 612] AH00094: Command line: 'C:\\AppServ\\Apache24\\bin\\httpd.exe -d C:/AppServ/Apache24'
[Sat May 05 23:08:04.713917 2018] [mpm_winnt:notice] [pid 6624:tid 612] AH00418: Parent: Created child process 4392
[Sat May 05 23:08:05.290099 2018] [ssl:warn] [pid 4392:tid 512] AH01873: Init: Session Cache is not configured [hint: SSLSessionCache]
[Sat May 05 23:08:05.326800 2018] [mpm_winnt:notice] [pid 4392:tid 512] AH00354: Child: Starting 64 worker threads.
[Sat May 05 23:11:25.725344 2018] [mpm_winnt:notice] [pid 6624:tid 612] AH00422: Parent: Received shutdown signal -- Shutting down the server.
[Sat May 05 23:11:27.743818 2018] [mpm_winnt:notice] [pid 4392:tid 512] AH00364: Child: All worker threads have exited.
[Sat May 05 23:11:27.759443 2018] [mpm_winnt:notice] [pid 6624:tid 612] AH00430: Parent: Child process 4392 exited successfully.
[Sat May 05 23:11:28.808078 2018] [ssl:warn] [pid 6256:tid 612] AH01873: Init: Session Cache is not configured [hint: SSLSessionCache]
[Sat May 05 23:11:28.823704 2018] [mpm_winnt:notice] [pid 6256:tid 612] AH00455: Apache/2.4.25 (Win32) OpenSSL/1.0.2j PHP/5.6.30 configured -- resuming normal operations
[Sat May 05 23:11:28.823704 2018] [mpm_winnt:notice] [pid 6256:tid 612] AH00456: Server built: Dec 16 2016 18:55:21
[Sat May 05 23:11:28.823704 2018] [core:notice] [pid 6256:tid 612] AH00094: Command line: 'C:\\AppServ\\Apache24\\bin\\httpd.exe -d C:/AppServ/Apache24'
[Sat May 05 23:11:28.839331 2018] [mpm_winnt:notice] [pid 6256:tid 612] AH00418: Parent: Created child process 3900
[Sat May 05 23:11:29.376897 2018] [ssl:warn] [pid 3900:tid 516] AH01873: Init: Session Cache is not configured [hint: SSLSessionCache]
[Sat May 05 23:11:29.408162 2018] [mpm_winnt:notice] [pid 3900:tid 516] AH00354: Child: Starting 64 worker threads.
[Sat May 05 23:11:33.768440 2018] [autoindex:error] [pid 3900:tid 1176] [client 192.168.1.107:62494] AH01276: Cannot serve directory C:/AppServ/www/index/: No matching DirectoryIndex (index.html,index.htm,index.php) found, and server-generated directory index forbidden by Options directive
[Sat May 05 23:11:37.115115 2018] [autoindex:error] [pid 3900:tid 1176] [client 192.168.1.107:62494] AH01276: Cannot serve directory C:/AppServ/www/index/: No matching DirectoryIndex (index.html,index.htm,index.php) found, and server-generated directory index forbidden by Options directive
[Sat May 05 23:11:44.403043 2018] [autoindex:error] [pid 3900:tid 1176] [client 192.168.1.107:62494] AH01276: Cannot serve directory C:/AppServ/www/index/: No matching DirectoryIndex (index.html,index.htm,index.php) found, and server-generated directory index forbidden by Options directive
[Sat May 05 23:15:15.206151 2018] [autoindex:error] [pid 3900:tid 1164] [client 192.168.1.107:62694] AH01276: Cannot serve directory C:/AppServ/www/index/: No matching DirectoryIndex (index.html,index.htm,index.php) found, and server-generated directory index forbidden by Options directive
[Sat May 05 23:19:17.314340 2018] [autoindex:error] [pid 3900:tid 1176] [client 192.168.1.107:62783] AH01276: Cannot serve directory C:/AppServ/www/index/: No matching DirectoryIndex (index.html,index.htm,index.php) found, and server-generated directory index forbidden by Options directive
[Sat May 05 23:21:21.422228 2018] [rewrite:error] [pid 3900:tid 1160] [client ::1:62857] AH00670: Options FollowSymLinks and SymLinksIfOwnerMatch are both off, so the RewriteRule directive is also forbidden due to its similar ability to circumvent directory restrictions : C:/AppServ/www/index/db
[Sat May 05 23:21:26.852834 2018] [mpm_winnt:notice] [pid 6256:tid 612] AH00422: Parent: Received shutdown signal -- Shutting down the server.
[Sat May 05 23:21:32.775575 2018] [mpm_winnt:notice] [pid 3900:tid 516] AH00364: Child: All worker threads have exited.
[Sat May 05 23:21:32.827408 2018] [mpm_winnt:notice] [pid 6256:tid 612] AH00430: Parent: Child process 3900 exited successfully.
[Sat May 05 23:21:33.683259 2018] [ssl:warn] [pid 3468:tid 612] AH01873: Init: Session Cache is not configured [hint: SSLSessionCache]
[Sat May 05 23:21:33.703274 2018] [mpm_winnt:notice] [pid 3468:tid 612] AH00455: Apache/2.4.25 (Win32) OpenSSL/1.0.2j PHP/5.6.30 configured -- resuming normal operations
[Sat May 05 23:21:33.704274 2018] [mpm_winnt:notice] [pid 3468:tid 612] AH00456: Server built: Dec 16 2016 18:55:21
[Sat May 05 23:21:33.704274 2018] [core:notice] [pid 3468:tid 612] AH00094: Command line: 'C:\\AppServ\\Apache24\\bin\\httpd.exe -d C:/AppServ/Apache24'
[Sat May 05 23:21:33.705276 2018] [mpm_winnt:notice] [pid 3468:tid 612] AH00418: Parent: Created child process 472
[Sat May 05 23:21:34.265330 2018] [ssl:warn] [pid 472:tid 512] AH01873: Init: Session Cache is not configured [hint: SSLSessionCache]
[Sat May 05 23:21:34.280954 2018] [mpm_winnt:notice] [pid 472:tid 512] AH00354: Child: Starting 64 worker threads.
[Sat May 05 23:23:22.923476 2018] [autoindex:error] [pid 472:tid 1160] [client ::1:62916] AH01276: Cannot serve directory C:/AppServ/www/index/: No matching DirectoryIndex (index.html,index.htm,index.php) found, and server-generated directory index forbidden by Options directive, referer: http://localhost/index/play
[Sat May 05 23:23:30.091581 2018] [autoindex:error] [pid 472:tid 1168] [client ::1:62917] AH01276: Cannot serve directory C:/AppServ/www/index/: No matching DirectoryIndex (index.html,index.htm,index.php) found, and server-generated directory index forbidden by Options directive, referer: http://localhost/index/play
[Sat May 05 23:23:32.924925 2018] [autoindex:error] [pid 472:tid 1168] [client ::1:62917] AH01276: Cannot serve directory C:/AppServ/www/index/: No matching DirectoryIndex (index.html,index.htm,index.php) found, and server-generated directory index forbidden by Options directive, referer: http://localhost/index/play
[Sat May 05 23:23:40.875245 2018] [autoindex:error] [pid 472:tid 1168] [client ::1:62929] AH01276: Cannot serve directory C:/AppServ/www/index/: No matching DirectoryIndex (index.html,index.htm,index.php) found, and server-generated directory index forbidden by Options directive, referer: http://localhost/index/play
[Sat May 05 23:23:52.028945 2018] [autoindex:error] [pid 472:tid 1168] [client ::1:62929] AH01276: Cannot serve directory C:/AppServ/www/index/: No matching DirectoryIndex (index.html,index.htm,index.php) found, and server-generated directory index forbidden by Options directive, referer: http://localhost/index/play
[Sat May 05 23:24:53.620809 2018] [autoindex:error] [pid 472:tid 1168] [client ::1:62946] AH01276: Cannot serve directory C:/AppServ/www/index/: No matching DirectoryIndex (index.html,index.htm,index.php) found, and server-generated directory index forbidden by Options directive, referer: http://localhost/index/play
[Sat May 05 23:24:58.803833 2018] [autoindex:error] [pid 472:tid 1168] [client ::1:62946] AH01276: Cannot serve directory C:/AppServ/www/index/: No matching DirectoryIndex (index.html,index.htm,index.php) found, and server-generated directory index forbidden by Options directive, referer: http://localhost/index/play
[Sat May 05 23:25:09.302727 2018] [autoindex:error] [pid 472:tid 1180] [client ::1:62956] AH01276: Cannot serve directory C:/AppServ/www/index/: No matching DirectoryIndex (index.html,index.htm,index.php) found, and server-generated directory index forbidden by Options directive, referer: http://localhost/index/play
[Sat May 05 23:25:32.632588 2018] [:error] [pid 472:tid 1176] [client ::1:62972] script 'C:/AppServ/www/index/index.php' not found or unable to stat, referer: http://localhost/index/play
[Sat May 05 23:25:38.264288 2018] [:error] [pid 472:tid 1176] [client ::1:62972] script 'C:/AppServ/www/index/index.php' not found or unable to stat, referer: http://localhost/index/play
[Sat May 05 23:25:45.514365 2018] [autoindex:error] [pid 472:tid 1160] [client ::1:62974] AH01276: Cannot serve directory C:/AppServ/www/index/: No matching DirectoryIndex (index.html,index.htm,index.php) found, and server-generated directory index forbidden by Options directive
[Sat May 05 23:25:49.852672 2018] [autoindex:error] [pid 472:tid 1160] [client ::1:62974] AH01276: Cannot serve directory C:/AppServ/www/index/: No matching DirectoryIndex (index.html,index.htm,index.php) found, and server-generated directory index forbidden by Options directive
[Sat May 05 23:26:00.782120 2018] [autoindex:error] [pid 472:tid 1184] [client ::1:62984] AH01276: Cannot serve directory C:/AppServ/www/index/: No matching DirectoryIndex (index.html,index.htm,index.php) found, and server-generated directory index forbidden by Options directive, referer: http://localhost/index/play
[Sat May 05 23:28:30.949712 2018] [autoindex:error] [pid 472:tid 1184] [client ::1:63085] AH01276: Cannot serve directory C:/AppServ/www/index/: No matching DirectoryIndex (index.html,index.htm,index.php) found, and server-generated directory index forbidden by Options directive, referer: http://localhost/index/play
[Sat May 05 23:32:13.221006 2018] [mpm_winnt:notice] [pid 3468:tid 612] AH00422: Parent: Received shutdown signal -- Shutting down the server.
[Sat May 05 23:32:15.256364 2018] [mpm_winnt:notice] [pid 472:tid 512] AH00364: Child: All worker threads have exited.
[Sat May 05 23:32:15.428002 2018] [mpm_winnt:notice] [pid 3468:tid 612] AH00430: Parent: Child process 472 exited successfully.
[Sat May 05 23:32:16.342246 2018] [ssl:warn] [pid 4632:tid 616] AH01873: Init: Session Cache is not configured [hint: SSLSessionCache]
[Sat May 05 23:32:16.361972 2018] [mpm_winnt:notice] [pid 4632:tid 616] AH00455: Apache/2.4.25 (Win32) OpenSSL/1.0.2j PHP/5.6.30 configured -- resuming normal operations
[Sat May 05 23:32:16.361972 2018] [mpm_winnt:notice] [pid 4632:tid 616] AH00456: Server built: Dec 16 2016 18:55:21
[Sat May 05 23:32:16.361972 2018] [core:notice] [pid 4632:tid 616] AH00094: Command line: 'C:\\AppServ\\Apache24\\bin\\httpd.exe -d C:/AppServ/Apache24'
[Sat May 05 23:32:16.361972 2018] [mpm_winnt:notice] [pid 4632:tid 616] AH00418: Parent: Created child process 3704
[Sat May 05 23:32:16.952000 2018] [ssl:warn] [pid 3704:tid 340] AH01873: Init: Session Cache is not configured [hint: SSLSessionCache]
[Sat May 05 23:32:16.967626 2018] [mpm_winnt:notice] [pid 3704:tid 340] AH00354: Child: Starting 64 worker threads.
[Sat May 05 23:33:14.788626 2018] [autoindex:error] [pid 3704:tid 1168] [client ::1:63187] AH01276: Cannot serve directory C:/AppServ/www/index/: No matching DirectoryIndex (index.html,index.htm,index.php) found, and server-generated directory index forbidden by Options directive
[Sat May 05 23:33:22.375565 2018] [:error] [pid 3704:tid 1168] [client ::1:63187] script 'C:/AppServ/www/index/for.php' not found or unable to stat, referer: http://localhost/
[Sat May 05 23:42:45.358147 2018] [:error] [pid 3704:tid 1160] [client ::1:63722] script 'C:/AppServ/www/index/for.php' not found or unable to stat
[Sun May 06 00:00:00.611968 2018] [mpm_winnt:notice] [pid 4632:tid 616] AH00422: Parent: Received shutdown signal -- Shutting down the server.
[Sun May 06 00:00:02.627436 2018] [mpm_winnt:notice] [pid 3704:tid 340] AH00364: Child: All worker threads have exited.
[Sun May 06 00:00:02.791766 2018] [mpm_winnt:notice] [pid 4632:tid 616] AH00430: Parent: Child process 3704 exited successfully.
[Sun May 06 00:00:04.017726 2018] [ssl:warn] [pid 788:tid 612] AH01873: Init: Session Cache is not configured [hint: SSLSessionCache]
[Sun May 06 00:00:04.116260 2018] [mpm_winnt:notice] [pid 788:tid 612] AH00455: Apache/2.4.25 (Win32) OpenSSL/1.0.2j PHP/5.6.30 configured -- resuming normal operations
[Sun May 06 00:00:04.116260 2018] [mpm_winnt:notice] [pid 788:tid 612] AH00456: Server built: Dec 16 2016 18:55:21
[Sun May 06 00:00:04.116260 2018] [core:notice] [pid 788:tid 612] AH00094: Command line: 'C:\\AppServ\\Apache24\\bin\\httpd.exe -d C:/AppServ/Apache24'
[Sun May 06 00:00:04.117280 2018] [mpm_winnt:notice] [pid 788:tid 612] AH00418: Parent: Created child process 7084
[Sun May 06 00:00:04.654285 2018] [ssl:warn] [pid 7084:tid 340] AH01873: Init: Session Cache is not configured [hint: SSLSessionCache]
[Sun May 06 00:00:04.672986 2018] [mpm_winnt:notice] [pid 7084:tid 340] AH00354: Child: Starting 64 worker threads.
[Sun May 06 00:00:22.154758 2018] [autoindex:error] [pid 7084:tid 1184] [client ::1:64238] AH01276: Cannot serve directory C:/AppServ/www/index/: No matching DirectoryIndex (index.html,index.htm,index.php) found, and server-generated directory index forbidden by Options directive
[Sun May 06 08:54:02.022331 2018] [:error] [pid 7084:tid 1184] [client ::1:50075] script 'C:/AppServ/www/index/guestAdd.php' not found or unable to stat, referer: http://localhost/
[Sun May 06 08:54:15.852245 2018] [:error] [pid 7084:tid 1172] [client ::1:50077] script 'C:/AppServ/www/index/guestAdd.php' not found or unable to stat, referer: http://localhost/
[Sun May 06 08:54:16.376238 2018] [:error] [pid 7084:tid 1172] [client ::1:50077] script 'C:/AppServ/www/index/guestAdd.php' not found or unable to stat, referer: http://localhost/
[Sun May 06 09:15:07.007988 2018] [:error] [pid 7084:tid 1172] [client ::1:50297] script 'C:/AppServ/www/index/p13-show.php' not found or unable to stat, referer: http://localhost/index/guestAdd
[Sun May 06 09:18:48.493689 2018] [autoindex:error] [pid 7084:tid 1160] [client ::1:50343] AH01276: Cannot serve directory C:/AppServ/www/index/: No matching DirectoryIndex (index.html,index.htm,index.php) found, and server-generated directory index forbidden by Options directive
[Sun May 06 09:21:29.761429 2018] [:error] [pid 7084:tid 1156] [client ::1:50364] script 'C:/AppServ/www/index/p13-post.php' not found or unable to stat, referer: http://localhost/index/guestText
[Sun May 06 10:14:43.834499 2018] [:error] [pid 7084:tid 1168] [client ::1:50724] script 'C:/AppServ/www/index/p13-delete.php' not found or unable to stat, referer: http://localhost/index/admin.php
[Sun May 06 10:15:50.904957 2018] [:error] [pid 7084:tid 1168] [client ::1:50726] script 'C:/AppServ/www/index/p13-reply.php' not found or unable to stat, referer: http://localhost/index/admin.php
[Sun May 06 10:16:32.560784 2018] [:error] [pid 7084:tid 1168] [client ::1:50728] script 'C:/AppServ/www/index/p13-reply.php' not found or unable to stat, referer: http://localhost/index/admin.php
[Sun May 06 10:16:55.406875 2018] [:error] [pid 7084:tid 1156] [client ::1:50733] script 'C:/AppServ/www/login.php' not found or unable to stat
[Sun May 06 10:17:01.358474 2018] [autoindex:error] [pid 7084:tid 1168] [client ::1:50735] AH01276: Cannot serve directory C:/AppServ/www/index/: No matching DirectoryIndex (index.html,index.htm,index.php) found, and server-generated directory index forbidden by Options directive
[Sun May 06 10:17:35.049964 2018] [:error] [pid 7084:tid 1168] [client ::1:50742] script 'C:/AppServ/www/index/delete.php' not found or unable to stat, referer: http://localhost/index/admin.php
[Sun May 06 15:41:06.581931 2018] [:error] [pid 7084:tid 1184] [client ::1:52833] script 'C:/AppServ/www/health/grade.php' not found or unable to stat, referer: http://localhost/health/
[Sun May 06 15:42:21.583444 2018] [:error] [pid 7084:tid 1172] [client ::1:52854] script 'C:/AppServ/www/health/vegetables.php' not found or unable to stat, referer: http://localhost/health/index.php
[Sun May 06 21:15:08.263090 2018] [:error] [pid 7084:tid 1184] [client ::1:56089] script 'C:/AppServ/www/health/vegetables.php' not found or unable to stat, referer: http://localhost/health/index.php
[Sun May 06 21:15:10.190893 2018] [:error] [pid 7084:tid 1184] [client ::1:56089] script 'C:/AppServ/www/health/grade.php' not found or unable to stat, referer: http://localhost/health/index.php
[Sun May 06 21:40:08.210728 2018] [:error] [pid 7084:tid 1184] [client ::1:56273] script 'C:/AppServ/www/health/fruit.php' not found or unable to stat, referer: http://localhost/health/vegetables.php
[Sun May 06 22:44:37.654586 2018] [:error] [pid 7084:tid 1172] [client ::1:56793] script 'C:/AppServ/www/health/text.php' not found or unable to stat, referer: http://localhost/health/vegetables.php
[Sun May 06 22:48:09.151752 2018] [:error] [pid 7084:tid 1172] [client ::1:56822] script 'C:/AppServ/www/health/text.php' not found or unable to stat, referer: http://localhost/health/vegetables.php
[Sun May 06 22:48:21.695827 2018] [:error] [pid 7084:tid 1172] [client ::1:56825] script 'C:/AppServ/www/health/text.php' not found or unable to stat, referer: http://localhost/health/vegetables.php
[Sun May 06 22:55:23.421731 2018] [:error] [pid 7084:tid 1160] [client ::1:56889] script 'C:/AppServ/www/health/grade.php' not found or unable to stat, referer: http://localhost/health/text.php?fOv=1&ID=1
[Sun May 06 22:59:32.396522 2018] [:error] [pid 7084:tid 1156] [client ::1:56946] script 'C:/AppServ/www/health/grade.php' not found or unable to stat, referer: http://localhost/health/vegetables.php
[Sun May 06 22:59:45.932915 2018] [:error] [pid 7084:tid 1156] [client ::1:56952] script 'C:/AppServ/www/health/fruit.php' not found or unable to stat, referer: http://localhost/health/vegetables.php
[Sun May 06 23:05:06.451213 2018] [:error] [pid 7084:tid 1168] [client ::1:57045] script 'C:/AppServ/www/health/fruit.php' not found or unable to stat, referer: http://localhost/health/vegetables.php
[Sun May 06 23:05:41.384686 2018] [:error] [pid 7084:tid 1168] [client ::1:57057] script 'C:/AppServ/www/health/fruit.php' not found or unable to stat, referer: http://localhost/health/login
[Mon May 07 09:34:53.273617 2018] [autoindex:error] [pid 7084:tid 1164] [client ::1:57989] AH01276: Cannot serve directory C:/AppServ/www/index/: No matching DirectoryIndex (index.html,index.htm,index.php) found, and server-generated directory index forbidden by Options directive
[Mon May 07 09:34:59.918034 2018] [:error] [pid 7084:tid 1164] [client ::1:57989] script 'C:/AppServ/www/health/1.php' not found or unable to stat
[Mon May 07 09:34:59.918034 2018] [:error] [pid 7084:tid 1164] [client ::1:57989] script 'C:/AppServ/www/404.php' not found or unable to stat
[Mon May 07 09:35:12.140935 2018] [:error] [pid 7084:tid 1172] [client ::1:57998] script 'C:/AppServ/www/health/123.php' not found or unable to stat
[Mon May 07 09:35:12.140935 2018] [:error] [pid 7084:tid 1172] [client ::1:57998] script 'C:/AppServ/www/404.php' not found or unable to stat
[Mon May 07 09:35:38.047372 2018] [:error] [pid 7084:tid 1156] [client ::1:58004] script 'C:/AppServ/www/404.php' not found or unable to stat
[Mon May 07 09:36:09.071059 2018] [:error] [pid 7084:tid 1164] [client ::1:58006] script 'C:/AppServ/www/404.php' not found or unable to stat
[Mon May 07 09:38:21.421777 2018] [:error] [pid 7084:tid 1164] [client ::1:58269] script 'C:/AppServ/www/health/signU.php' not found or unable to stat
[Mon May 07 09:38:21.421777 2018] [:error] [pid 7084:tid 1164] [client ::1:58269] script 'C:/AppServ/www/404.php' not found or unable to stat
[Mon May 07 09:38:31.728915 2018] [:error] [pid 7084:tid 1172] [client ::1:58273] script 'C:/AppServ/www/health/signU.php' not found or unable to stat
[Mon May 07 09:38:31.729915 2018] [:error] [pid 7084:tid 1172] [client ::1:58273] script 'C:/AppServ/www/404.php' not found or unable to stat
[Mon May 07 09:43:21.447636 2018] [:error] [pid 7084:tid 1164] [client ::1:58460] script 'C:/AppServ/www/healt.php' not found or unable to stat
[Mon May 07 09:43:58.821039 2018] [:error] [pid 7084:tid 1156] [client ::1:58462] script 'C:/AppServ/www/healt.php' not found or unable to stat
[Mon May 07 09:44:00.080093 2018] [:error] [pid 7084:tid 1156] [client ::1:58462] script 'C:/AppServ/www/healt.php' not found or unable to stat
[Mon May 07 09:44:07.776690 2018] [:error] [pid 7084:tid 1156] [client ::1:58463] script 'C:/AppServ/www/healt.php' not found or unable to stat
[Mon May 07 09:44:34.198665 2018] [:error] [pid 7084:tid 1156] [client ::1:58464] script 'C:/AppServ/www/healt.php' not found or unable to stat
[Mon May 07 11:34:10.510492 2018] [:error] [pid 7084:tid 1156] [client ::1:58585] script 'C:/AppServ/www/health/db.php' not found or unable to stat, referer: http://localhost/health/fruit.php
[Mon May 07 11:51:22.800483 2018] [:error] [pid 7084:tid 1156] [client ::1:58757] script 'C:/AppServ/www/health/db.php' not found or unable to stat, referer: http://localhost/health/fruit.php?c=fiber
[Mon May 07 11:57:11.252372 2018] [:error] [pid 7084:tid 1172] [client ::1:58795] script 'C:/AppServ/www/health/db.php' not found or unable to stat, referer: http://localhost/health/fruit.php
[Mon May 07 14:13:10.752380 2018] [:error] [pid 7084:tid 1172] [client ::1:59185] script 'C:/AppServ/www/health/calcium.php' not found or unable to stat, referer: http://localhost/health/fruit.php?c=water&p=1
[Mon May 07 14:17:11.224701 2018] [:error] [pid 7084:tid 1156] [client ::1:59219] script 'C:/AppServ/www/phpMyAdmin.php' not found or unable to stat
[Mon May 07 14:18:00.474009 2018] [:error] [pid 7084:tid 1160] [client ::1:59231] script 'C:/AppServ/www/index/play.php' not found or unable to stat, referer: http://localhost/index/plays
[Mon May 07 14:18:33.519878 2018] [:error] [pid 7084:tid 1168] [client ::1:59238] script 'C:/AppServ/www/index/play.php' not found or unable to stat, referer: http://localhost/index/plays.php
[Mon May 07 14:18:52.598784 2018] [:error] [pid 7084:tid 1172] [client ::1:59244] script 'C:/AppServ/www/index/play.php' not found or unable to stat, referer: http://localhost/index/plays.php
[Mon May 07 14:18:54.552101 2018] [:error] [pid 7084:tid 1172] [client ::1:59244] script 'C:/AppServ/www/index/play.php' not found or unable to stat, referer: http://localhost/index/plays.php
[Mon May 07 19:37:24.137264 2018] [:error] [pid 7084:tid 1156] [client ::1:60900] script 'C:/AppServ/www/health/f.php' not found or unable to stat
[Mon May 07 19:58:59.686854 2018] [mpm_winnt:notice] [pid 788:tid 612] AH00422: Parent: Received shutdown signal -- Shutting down the server.
[Mon May 07 19:59:05.858801 2018] [mpm_winnt:notice] [pid 7084:tid 340] AH00364: Child: All worker threads have exited.
[Mon May 07 19:59:19.133565 2018] [mpm_winnt:notice] [pid 788:tid 612] AH00430: Parent: Child process 7084 exited successfully.
[Mon May 07 20:00:18.201945 2018] [ssl:warn] [pid 1568:tid 632] AH01873: Init: Session Cache is not configured [hint: SSLSessionCache]
[Mon May 07 20:00:19.879114 2018] [mpm_winnt:notice] [pid 1568:tid 632] AH00455: Apache/2.4.25 (Win32) OpenSSL/1.0.2j PHP/5.6.30 configured -- resuming normal operations
[Mon May 07 20:00:19.879114 2018] [mpm_winnt:notice] [pid 1568:tid 632] AH00456: Server built: Dec 16 2016 18:55:21
[Mon May 07 20:00:19.879114 2018] [core:notice] [pid 1568:tid 632] AH00094: Command line: 'C:\\AppServ\\Apache24\\bin\\httpd.exe -d C:/AppServ/Apache24'
[Mon May 07 20:00:19.894737 2018] [mpm_winnt:notice] [pid 1568:tid 632] AH00418: Parent: Created child process 1756
[Mon May 07 20:00:20.449549 2018] [ssl:warn] [pid 1756:tid 340] AH01873: Init: Session Cache is not configured [hint: SSLSessionCache]
[Mon May 07 20:00:20.543300 2018] [mpm_winnt:notice] [pid 1756:tid 340] AH00354: Child: Starting 64 worker threads.
[Tue May 08 00:51:19.375053 2018] [:error] [pid 1756:tid 1156] [client ::1:52911] script 'C:/AppServ/www/health/fr.php' not found or unable to stat
[Tue May 08 00:51:51.146629 2018] [:error] [pid 1756:tid 1160] [client ::1:52925] script 'C:/AppServ/www/health.php' not found or unable to stat
[Tue May 08 22:12:12.450968 2018] [:error] [pid 1756:tid 1160] [client ::1:56557] script 'C:/AppServ/www/search.php' not found or unable to stat, referer: http://localhost/health/index
[Tue May 08 22:12:56.217396 2018] [:error] [pid 1756:tid 1168] [client ::1:56579] script 'C:/AppServ/www/search.php' not found or unable to stat
[Tue May 08 22:30:45.090600 2018] [:error] [pid 1756:tid 1164] [client ::1:56609] script 'C:/AppServ/www/search.php' not found or unable to stat
[Tue May 08 22:31:00.117352 2018] [:error] [pid 1756:tid 1168] [client ::1:56618] script 'C:/AppServ/www/search.php' not found or unable to stat
[Tue May 08 22:31:27.529613 2018] [:error] [pid 1756:tid 1152] [client ::1:56623] script 'C:/AppServ/www/search.php' not found or unable to stat
[Tue May 08 22:31:43.601703 2018] [:error] [pid 1756:tid 1176] [client ::1:56627] script 'C:/AppServ/www/search.php' not found or unable to stat, referer: http://localhost/health/index
[Tue May 08 22:58:49.824313 2018] [:error] [pid 1756:tid 1160] [client ::1:56801] script 'C:/AppServ/www/health/accountManagement.php' not found or unable to stat, referer: http://localhost/health/index.php
[Wed May 09 17:50:11.285495 2018] [mpm_winnt:notice] [pid 1568:tid 632] AH00422: Parent: Received shutdown signal -- Shutting down the server.
[Wed May 09 17:50:19.923480 2018] [mpm_winnt:notice] [pid 1756:tid 340] AH00364: Child: All worker threads have exited.
[Wed May 09 17:50:42.229521 2018] [mpm_winnt:notice] [pid 1568:tid 632] AH00431: Parent: Forcing termination of child process 1756
[Wed May 09 17:51:29.242041 2018] [core:warn] [pid 1588:tid 620] AH00098: pid file C:/AppServ/Apache24/logs/httpd.pid overwritten -- Unclean shutdown of previous Apache run?
[Wed May 09 17:51:29.382618 2018] [ssl:warn] [pid 1588:tid 620] AH01873: Init: Session Cache is not configured [hint: SSLSessionCache]
[Wed May 09 17:51:31.195194 2018] [mpm_winnt:notice] [pid 1588:tid 620] AH00455: Apache/2.4.25 (Win32) OpenSSL/1.0.2j PHP/5.6.30 configured -- resuming normal operations
[Wed May 09 17:51:31.195194 2018] [mpm_winnt:notice] [pid 1588:tid 620] AH00456: Server built: Dec 16 2016 18:55:21
[Wed May 09 17:51:31.195194 2018] [core:notice] [pid 1588:tid 620] AH00094: Command line: 'C:\\AppServ\\Apache24\\bin\\httpd.exe -d C:/AppServ/Apache24'
[Wed May 09 17:51:31.210821 2018] [mpm_winnt:notice] [pid 1588:tid 620] AH00418: Parent: Created child process 1876
[Wed May 09 17:51:31.742025 2018] [ssl:warn] [pid 1876:tid 512] AH01873: Init: Session Cache is not configured [hint: SSLSessionCache]
[Wed May 09 17:51:31.851468 2018] [mpm_winnt:notice] [pid 1876:tid 512] AH00354: Child: Starting 64 worker threads.
[Thu May 10 15:26:38.278817 2018] [autoindex:error] [pid 1876:tid 1172] [client ::1:54670] AH01276: Cannot serve directory C:/AppServ/www/test/: No matching DirectoryIndex (index.html,index.htm,index.php) found, and server-generated directory index forbidden by Options directive
[Thu May 10 15:32:35.439921 2018] [mpm_winnt:notice] [pid 1588:tid 620] AH00422: Parent: Received shutdown signal -- Shutting down the server.
[Thu May 10 15:32:37.463175 2018] [mpm_winnt:notice] [pid 1876:tid 512] AH00364: Child: All worker threads have exited.
[Thu May 10 15:32:38.058489 2018] [mpm_winnt:notice] [pid 1588:tid 620] AH00430: Parent: Child process 1876 exited successfully.
[Thu May 10 15:34:23.291042 2018] [ssl:warn] [pid 3212:tid 480] AH01873: Init: Session Cache is not configured [hint: SSLSessionCache]
[Thu May 10 15:34:23.619176 2018] [mpm_winnt:notice] [pid 3212:tid 480] AH00455: Apache/2.4.25 (Win32) OpenSSL/1.0.2j PHP/5.6.30 configured -- resuming normal operations
[Thu May 10 15:34:23.619176 2018] [mpm_winnt:notice] [pid 3212:tid 480] AH00456: Server built: Dec 16 2016 18:55:21
[Thu May 10 15:34:23.619176 2018] [core:notice] [pid 3212:tid 480] AH00094: Command line: 'C:\\AppServ\\Apache24\\bin\\httpd.exe -d C:/AppServ/Apache24'
[Thu May 10 15:34:23.619176 2018] [mpm_winnt:notice] [pid 3212:tid 480] AH00418: Parent: Created child process 4336
[Thu May 10 15:34:24.104785 2018] [ssl:warn] [pid 4336:tid 512] AH01873: Init: Session Cache is not configured [hint: SSLSessionCache]
[Thu May 10 15:34:24.151714 2018] [mpm_winnt:notice] [pid 4336:tid 512] AH00354: Child: Starting 64 worker threads.
[Thu May 10 21:15:50.741943 2018] [core:warn] [pid 1792:tid 612] AH00098: pid file C:/AppServ/Apache24/logs/httpd.pid overwritten -- Unclean shutdown of previous Apache run?
[Thu May 10 21:15:50.857975 2018] [ssl:warn] [pid 1792:tid 612] AH01873: Init: Session Cache is not configured [hint: SSLSessionCache]
[Thu May 10 21:15:50.973220 2018] [mpm_winnt:notice] [pid 1792:tid 612] AH00455: Apache/2.4.25 (Win32) OpenSSL/1.0.2j PHP/5.6.30 configured -- resuming normal operations
[Thu May 10 21:15:50.973220 2018] [mpm_winnt:notice] [pid 1792:tid 612] AH00456: Server built: Dec 16 2016 18:55:21
[Thu May 10 21:15:50.973220 2018] [core:notice] [pid 1792:tid 612] AH00094: Command line: 'C:\\AppServ\\Apache24\\bin\\httpd.exe -d C:/AppServ/Apache24'
[Thu May 10 21:15:50.974223 2018] [mpm_winnt:notice] [pid 1792:tid 612] AH00418: Parent: Created child process 5796
[Thu May 10 21:15:51.555813 2018] [ssl:warn] [pid 5796:tid 524] AH01873: Init: Session Cache is not configured [hint: SSLSessionCache]
[Thu May 10 21:15:51.574825 2018] [mpm_winnt:notice] [pid 5796:tid 524] AH00354: Child: Starting 64 worker threads.
[Thu May 10 21:16:06.472406 2018] [mpm_winnt:notice] [pid 1792:tid 612] AH00422: Parent: Received shutdown signal -- Shutting down the server.
[Thu May 10 21:16:08.473709 2018] [mpm_winnt:notice] [pid 5796:tid 524] AH00364: Child: All worker threads have exited.
[Thu May 10 21:16:08.577134 2018] [mpm_winnt:notice] [pid 1792:tid 612] AH00430: Parent: Child process 5796 exited successfully.
[Fri May 11 14:03:06.226959 2018] [ssl:warn] [pid 3632:tid 616] AH01873: Init: Session Cache is not configured [hint: SSLSessionCache]
[Fri May 11 14:03:06.265082 2018] [mpm_winnt:notice] [pid 3632:tid 616] AH00455: Apache/2.4.25 (Win32) OpenSSL/1.0.2j PHP/5.6.30 configured -- resuming normal operations
[Fri May 11 14:03:06.265082 2018] [mpm_winnt:notice] [pid 3632:tid 616] AH00456: Server built: Dec 16 2016 18:55:21
[Fri May 11 14:03:06.265082 2018] [core:notice] [pid 3632:tid 616] AH00094: Command line: 'C:\\AppServ\\Apache24\\bin\\httpd.exe -d C:/AppServ/Apache24'
[Fri May 11 14:03:06.268072 2018] [mpm_winnt:notice] [pid 3632:tid 616] AH00418: Parent: Created child process 2804
[Fri May 11 14:03:06.834243 2018] [ssl:warn] [pid 2804:tid 512] AH01873: Init: Session Cache is not configured [hint: SSLSessionCache]
[Fri May 11 14:03:06.849869 2018] [mpm_winnt:notice] [pid 2804:tid 512] AH00354: Child: Starting 64 worker threads.
[Tue May 15 17:50:58.111744 2018] [mpm_winnt:notice] [pid 3632:tid 616] AH00422: Parent: Received shutdown signal -- Shutting down the server.
[Tue May 15 17:51:08.377246 2018] [mpm_winnt:notice] [pid 2804:tid 512] AH00364: Child: All worker threads have exited.
[Tue May 15 17:52:03.407337 2018] [core:warn] [pid 1596:tid 624] AH00098: pid file C:/AppServ/Apache24/logs/httpd.pid overwritten -- Unclean shutdown of previous Apache run?
[Tue May 15 17:52:03.532306 2018] [ssl:warn] [pid 1596:tid 624] AH01873: Init: Session Cache is not configured [hint: SSLSessionCache]
[Tue May 15 17:52:05.672993 2018] [mpm_winnt:notice] [pid 1596:tid 624] AH00455: Apache/2.4.25 (Win32) OpenSSL/1.0.2j PHP/5.6.30 configured -- resuming normal operations
[Tue May 15 17:52:05.672993 2018] [mpm_winnt:notice] [pid 1596:tid 624] AH00456: Server built: Dec 16 2016 18:55:21
[Tue May 15 17:52:05.672993 2018] [core:notice] [pid 1596:tid 624] AH00094: Command line: 'C:\\AppServ\\Apache24\\bin\\httpd.exe -d C:/AppServ/Apache24'
[Tue May 15 17:52:05.688618 2018] [mpm_winnt:notice] [pid 1596:tid 624] AH00418: Parent: Created child process 1824
[Tue May 15 17:52:06.266717 2018] [ssl:warn] [pid 1824:tid 524] AH01873: Init: Session Cache is not configured [hint: SSLSessionCache]
[Tue May 15 17:52:06.329251 2018] [mpm_winnt:notice] [pid 1824:tid 524] AH00354: Child: Starting 64 worker threads.
